<?xml version="1.0" encoding="UTF-8"?>
<testng-results ignored="0" total="1" passed="0" failed="1" skipped="0">
  <reporter-output>
    <line>
      <![CDATA[Execution started]]>
    </line>
    <line>
      <![CDATA[Browser started successfully]]>
    </line>
    <line>
      <![CDATA[User is navigated to AELI Studio Successfully.]]>
    </line>
    <line>
      <![CDATA[User logged in Successfully]]>
    </line>
    <line>
      <![CDATA[New Project Tab is clicked]]>
    </line>
  </reporter-output>
  <suite started-at="2021-07-22T15:10:10 IST" name="Default suite" finished-at="2021-07-22T15:20:52 IST" duration-ms="641410">
    <groups>
    </groups>
    <test started-at="2021-07-22T15:10:10 IST" name="Default test" finished-at="2021-07-22T15:20:52 IST" duration-ms="641410">
      <class name="com.aeli.qa.testcases.NewProjectPageTest">
        <test-method is-config="true" signature="startReport()[pri:0, instance:com.aeli.qa.testcases.NewProjectPageTest@61f05988]" started-at="2021-07-22T15:10:10 IST" name="startReport" finished-at="2021-07-22T15:10:10 IST" duration-ms="92" status="PASS">
          <reporter-output>
          </reporter-output>
        </test-method> <!-- startReport -->
        <test-method is-config="true" signature="initialization()[pri:0, instance:com.aeli.qa.testcases.NewProjectPageTest@61f05988]" started-at="2021-07-22T15:10:10 IST" name="initialization" finished-at="2021-07-22T15:10:24 IST" duration-ms="13354" status="PASS">
          <reporter-output>
            <line>
              <![CDATA[Execution started]]>
            </line>
            <line>
              <![CDATA[Browser started successfully]]>
            </line>
            <line>
              <![CDATA[User is navigated to AELI Studio Successfully.]]>
            </line>
          </reporter-output>
        </test-method> <!-- initialization -->
        <test-method signature="validateAddNewKMProjectTest(java.lang.reflect.Method)[pri:2, instance:com.aeli.qa.testcases.NewProjectPageTest@61f05988]" started-at="2021-07-22T15:10:24 IST" name="validateAddNewKMProjectTest" finished-at="2021-07-22T15:20:49 IST" duration-ms="625719" status="FAIL">
          <params>
            <param index="0">
              <value>
                <![CDATA[public void com.aeli.qa.testcases.NewProjectPageTest.validateAddNewKMProjectTest(java.lang.reflect.Method) throws java.lang.Exception]]>
              </value>
            </param>
          </params>
          <exception class="org.openqa.selenium.TimeoutException">
            <message>
              <![CDATA[Expected condition failed: waiting for visibility of Proxy element for: DefaultElementLocator 'By.xpath: //div[@role='alert']' (tried for 250 second(s) with 500 milliseconds interval)]]>
            </message>
            <full-stacktrace>
              <![CDATA[org.openqa.selenium.TimeoutException: Expected condition failed: waiting for visibility of Proxy element for: DefaultElementLocator 'By.xpath: //div[@role='alert']' (tried for 250 second(s) with 500 milliseconds interval)
at org.openqa.selenium.support.ui.WebDriverWait.timeoutException(WebDriverWait.java:95)
at org.openqa.selenium.support.ui.FluentWait.until(FluentWait.java:272)
at com.aeli.qa.pages.NewProjectPage.validateAddNewKMProject(NewProjectPage.java:121)
at com.aeli.qa.testcases.NewProjectPageTest.validateAddNewKMProjectTest(NewProjectPageTest.java:45)
at java.base/jdk.internal.reflect.NativeMethodAccessorImpl.invoke0(Native Method)
at java.base/jdk.internal.reflect.NativeMethodAccessorImpl.invoke(NativeMethodAccessorImpl.java:62)
at java.base/jdk.internal.reflect.DelegatingMethodAccessorImpl.invoke(DelegatingMethodAccessorImpl.java:43)
at java.base/java.lang.reflect.Method.invoke(Method.java:566)
at org.testng.internal.MethodInvocationHelper.invokeMethod(MethodInvocationHelper.java:132)
at org.testng.internal.TestInvoker.invokeMethod(TestInvoker.java:599)
at org.testng.internal.TestInvoker.invokeTestMethod(TestInvoker.java:174)
at org.testng.internal.MethodRunner.runInSequence(MethodRunner.java:46)
at org.testng.internal.TestInvoker$MethodInvocationAgent.invoke(TestInvoker.java:822)
at org.testng.internal.TestInvoker.invokeTestMethods(TestInvoker.java:147)
at org.testng.internal.TestMethodWorker.invokeTestMethods(TestMethodWorker.java:146)
at org.testng.internal.TestMethodWorker.run(TestMethodWorker.java:128)
at java.base/java.util.ArrayList.forEach(ArrayList.java:1541)
at org.testng.TestRunner.privateRun(TestRunner.java:764)
at org.testng.TestRunner.run(TestRunner.java:585)
at org.testng.SuiteRunner.runTest(SuiteRunner.java:384)
at org.testng.SuiteRunner.runSequentially(SuiteRunner.java:378)
at org.testng.SuiteRunner.privateRun(SuiteRunner.java:337)
at org.testng.SuiteRunner.run(SuiteRunner.java:286)
at org.testng.SuiteRunnerWorker.runSuite(SuiteRunnerWorker.java:53)
at org.testng.SuiteRunnerWorker.run(SuiteRunnerWorker.java:96)
at org.testng.TestNG.runSuitesSequentially(TestNG.java:1218)
at org.testng.TestNG.runSuitesLocally(TestNG.java:1140)
at org.testng.TestNG.runSuites(TestNG.java:1069)
at org.testng.TestNG.run(TestNG.java:1037)
at org.testng.remote.AbstractRemoteTestNG.run(AbstractRemoteTestNG.java:115)
at org.testng.remote.RemoteTestNG.initAndRun(RemoteTestNG.java:251)
at org.testng.remote.RemoteTestNG.main(RemoteTestNG.java:77)
Caused by: org.openqa.selenium.NoSuchElementException: no such element: Unable to locate element: {"method":"xpath","selector":"//div[@role='alert']"}
  (Session info: chrome=91.0.4472.164)
For documentation on this error, please visit: https://www.seleniumhq.org/exceptions/no_such_element.html
Build info: version: '3.141.59', revision: 'e82be7d358', time: '2018-11-14T08:17:03'
System info: host: 'LPT-0919', ip: '10.81.24.23', os.name: 'Windows 10', os.arch: 'amd64', os.version: '10.0', java.version: '11.0.9'
Driver info: org.openqa.selenium.chrome.ChromeDriver
Capabilities {acceptInsecureCerts: false, browserName: chrome, browserVersion: 91.0.4472.164, chrome: {chromedriverVersion: 91.0.4472.101 (af52a90bf870..., userDataDir: C:\Users\kalyanig\AppData\L...}, goog:chromeOptions: {debuggerAddress: localhost:51764}, javascriptEnabled: true, networkConnectionEnabled: false, pageLoadStrategy: normal, platform: WINDOWS, platformName: WINDOWS, proxy: Proxy(), setWindowRect: true, strictFileInteractability: false, timeouts: {implicit: 0, pageLoad: 300000, script: 30000}, unhandledPromptBehavior: dismiss and notify, webauthn:extension:largeBlob: true, webauthn:virtualAuthenticators: true}
Session ID: 75182fb36e643a0a911233363f997ef5
*** Element info: {Using=xpath, value=//div[@role='alert']}
at java.base/jdk.internal.reflect.NativeConstructorAccessorImpl.newInstance0(Native Method)
at java.base/jdk.internal.reflect.NativeConstructorAccessorImpl.newInstance(NativeConstructorAccessorImpl.java:62)
at java.base/jdk.internal.reflect.DelegatingConstructorAccessorImpl.newInstance(DelegatingConstructorAccessorImpl.java:45)
at java.base/java.lang.reflect.Constructor.newInstance(Constructor.java:490)
at org.openqa.selenium.remote.http.W3CHttpResponseCodec.createException(W3CHttpResponseCodec.java:187)
at org.openqa.selenium.remote.http.W3CHttpResponseCodec.decode(W3CHttpResponseCodec.java:122)
at org.openqa.selenium.remote.http.W3CHttpResponseCodec.decode(W3CHttpResponseCodec.java:49)
at org.openqa.selenium.remote.HttpCommandExecutor.execute(HttpCommandExecutor.java:158)
at org.openqa.selenium.remote.service.DriverCommandExecutor.execute(DriverCommandExecutor.java:83)
at org.openqa.selenium.remote.RemoteWebDriver.execute(RemoteWebDriver.java:552)
at org.openqa.selenium.remote.RemoteWebDriver.findElement(RemoteWebDriver.java:323)
at org.openqa.selenium.remote.RemoteWebDriver.findElementByXPath(RemoteWebDriver.java:428)
at org.openqa.selenium.By$ByXPath.findElement(By.java:353)
at org.openqa.selenium.remote.RemoteWebDriver.findElement(RemoteWebDriver.java:315)
at org.openqa.selenium.support.pagefactory.DefaultElementLocator.findElement(DefaultElementLocator.java:69)
at org.openqa.selenium.support.pagefactory.internal.LocatingElementHandler.invoke(LocatingElementHandler.java:38)
at com.sun.proxy.$Proxy18.isDisplayed(Unknown Source)
at org.openqa.selenium.support.ui.ExpectedConditions.elementIfVisible(ExpectedConditions.java:314)
at org.openqa.selenium.support.ui.ExpectedConditions.access$000(ExpectedConditions.java:43)
at org.openqa.selenium.support.ui.ExpectedConditions$10.apply(ExpectedConditions.java:300)
at org.openqa.selenium.support.ui.ExpectedConditions$10.apply(ExpectedConditions.java:297)
at org.openqa.selenium.support.ui.FluentWait.until(FluentWait.java:249)
... 30 more
]]>
            </full-stacktrace>
          </exception> <!-- org.openqa.selenium.TimeoutException -->
          <reporter-output>
            <line>
              <![CDATA[User logged in Successfully]]>
            </line>
            <line>
              <![CDATA[New Project Tab is clicked]]>
            </line>
          </reporter-output>
        </test-method> <!-- validateAddNewKMProjectTest -->
        <test-method is-config="true" signature="getResult(org.testng.ITestResult)[pri:0, instance:com.aeli.qa.testcases.NewProjectPageTest@61f05988]" started-at="2021-07-22T15:20:49 IST" name="getResult" finished-at="2021-07-22T15:20:51 IST" duration-ms="1699" status="PASS">
          <params>
            <param index="0">
              <value>
                <![CDATA[[TestResult name=validateAddNewKMProjectTest status=FAILURE method=NewProjectPageTest.validateAddNewKMProjectTest(java.lang.reflect.Method)[pri:2, instance:com.aeli.qa.testcases.NewProjectPageTest@61f05988] output=User logged in Successfully]]]>
              </value>
            </param>
          </params>
          <reporter-output>
          </reporter-output>
        </test-method> <!-- getResult -->
        <test-method is-config="true" signature="endReport()[pri:0, instance:com.aeli.qa.testcases.NewProjectPageTest@61f05988]" started-at="2021-07-22T15:20:51 IST" name="endReport" finished-at="2021-07-22T15:20:52 IST" duration-ms="501" status="PASS">
          <reporter-output>
          </reporter-output>
        </test-method> <!-- endReport -->
      </class> <!-- com.aeli.qa.testcases.NewProjectPageTest -->
    </test> <!-- Default test -->
  </suite> <!-- Default suite -->
</testng-results>
